mode: set
/Users/joeypilla/documents/coding/go/SpotifyPlayer/server/spotify/functions.go:31.43,35.16 3 0
/Users/joeypilla/documents/coding/go/SpotifyPlayer/server/spotify/functions.go:38.2,41.22 3 0
/Users/joeypilla/documents/coding/go/SpotifyPlayer/server/spotify/functions.go:35.16,37.3 1 0
/Users/joeypilla/documents/coding/go/SpotifyPlayer/server/spotify/functions.go:44.74,46.16 2 0
/Users/joeypilla/documents/coding/go/SpotifyPlayer/server/spotify/functions.go:49.2,52.20 3 0
/Users/joeypilla/documents/coding/go/SpotifyPlayer/server/spotify/functions.go:46.16,48.3 1 0
/Users/joeypilla/documents/coding/go/SpotifyPlayer/server/spotify/functions.go:56.68,57.23 1 0
/Users/joeypilla/documents/coding/go/SpotifyPlayer/server/spotify/functions.go:60.2,66.30 3 0
/Users/joeypilla/documents/coding/go/SpotifyPlayer/server/spotify/functions.go:70.2,70.30 1 0
/Users/joeypilla/documents/coding/go/SpotifyPlayer/server/spotify/functions.go:73.2,73.17 1 0
/Users/joeypilla/documents/coding/go/SpotifyPlayer/server/spotify/functions.go:57.23,59.3 1 0
/Users/joeypilla/documents/coding/go/SpotifyPlayer/server/spotify/functions.go:66.30,69.3 2 0
/Users/joeypilla/documents/coding/go/SpotifyPlayer/server/spotify/functions.go:70.30,72.3 1 0
/Users/joeypilla/documents/coding/go/SpotifyPlayer/server/spotify/functions.go:76.39,79.23 3 1
/Users/joeypilla/documents/coding/go/SpotifyPlayer/server/spotify/functions.go:82.2,82.33 1 1
/Users/joeypilla/documents/coding/go/SpotifyPlayer/server/spotify/functions.go:79.23,81.3 1 1
/Users/joeypilla/documents/coding/go/SpotifyPlayer/server/spotify/functions.go:82.33,86.3 3 1
/Users/joeypilla/documents/coding/go/SpotifyPlayer/server/spotify/functions.go:86.8,90.3 3 1
/Users/joeypilla/documents/coding/go/SpotifyPlayer/server/spotify/functions.go:93.60,99.2 5 1
/Users/joeypilla/documents/coding/go/SpotifyPlayer/server/spotify/functions.go:101.32,108.21 5 0
/Users/joeypilla/documents/coding/go/SpotifyPlayer/server/spotify/functions.go:111.2,111.13 1 0
/Users/joeypilla/documents/coding/go/SpotifyPlayer/server/spotify/functions.go:108.21,110.3 1 0
/Users/joeypilla/documents/coding/go/SpotifyPlayer/server/spotify/printer.go:8.32,10.2 1 0
/Users/joeypilla/documents/coding/go/SpotifyPlayer/server/spotify/printer.go:12.30,14.2 1 0
/Users/joeypilla/documents/coding/go/SpotifyPlayer/server/spotify/printer.go:16.30,18.2 1 0
/Users/joeypilla/documents/coding/go/SpotifyPlayer/server/spotify/printer.go:20.28,22.2 1 0
/Users/joeypilla/documents/coding/go/SpotifyPlayer/server/spotify/printer.go:24.29,27.2 2 0
